<?xml version="1.0" encoding="UTF-8"?>
<testng-results ignored="0" total="1" passed="1" failed="0" skipped="0">
  <reporter-output>
  </reporter-output>
  <suite started-at="2025-02-21T17:07:42 EST" name="Surefire suite" finished-at="2025-02-21T17:07:53 EST" duration-ms="10599">
    <groups>
    </groups>
    <test started-at="2025-02-21T17:07:42 EST" name="Surefire test" finished-at="2025-02-21T17:07:53 EST" duration-ms="10599">
      <class name="testCases.TC_002_LoginTest">
        <test-method is-config="true" signature="setup()[pri:0, instance:testCases.TC_002_LoginTest@3c419631]" started-at="2025-02-21T17:07:42 EST" name="setup" finished-at="2025-02-21T17:07:49 EST" duration-ms="7187" status="PASS">
          <reporter-output>
          </reporter-output>
        </test-method> <!-- setup -->
        <test-method signature="verify_login()[pri:0, instance:testCases.TC_002_LoginTest@3c419631]" started-at="2025-02-21T17:07:49 EST" name="verify_login" finished-at="2025-02-21T17:07:51 EST" duration-ms="2205" status="PASS">
          <reporter-output>
          </reporter-output>
        </test-method> <!-- verify_login -->
        <test-method is-config="true" signature="tearDown()[pri:0, instance:testCases.TC_002_LoginTest@3c419631]" started-at="2025-02-21T17:07:51 EST" name="tearDown" finished-at="2025-02-21T17:07:53 EST" duration-ms="1161" status="PASS">
          <reporter-output>
          </reporter-output>
        </test-method> <!-- tearDown -->
      </class> <!-- testCases.TC_002_LoginTest -->
    </test> <!-- Surefire test -->
  </suite> <!-- Surefire suite -->
</testng-results>
