<?xml version="1.0" encoding="UTF-8"?>
<testng-results ignored="0" total="1" passed="1" failed="0" skipped="0">
  <reporter-output>
  </reporter-output>
  <suite started-at="2025-02-19T23:55:02 EST" name="Default suite" finished-at="2025-02-19T23:55:11 EST" duration-ms="8474">
    <groups>
    </groups>
    <test started-at="2025-02-19T23:55:02 EST" name="Default test" finished-at="2025-02-19T23:55:11 EST" duration-ms="8474">
      <class name="testCases.TC_002_LoginTest">
        <test-method is-config="true" signature="setup()[pri:0, instance:testCases.TC_002_LoginTest@7c7b252e]" started-at="2025-02-19T23:55:02 EST" name="setup" finished-at="2025-02-19T23:55:08 EST" duration-ms="5900" status="PASS">
          <reporter-output>
          </reporter-output>
        </test-method> <!-- setup -->
        <test-method signature="verify_login()[pri:0, instance:testCases.TC_002_LoginTest@7c7b252e]" started-at="2025-02-19T23:55:08 EST" name="verify_login" finished-at="2025-02-19T23:55:10 EST" duration-ms="1787" status="PASS">
          <reporter-output>
          </reporter-output>
        </test-method> <!-- verify_login -->
        <test-method is-config="true" signature="tearDown()[pri:0, instance:testCases.TC_002_LoginTest@7c7b252e]" started-at="2025-02-19T23:55:10 EST" name="tearDown" finished-at="2025-02-19T23:55:11 EST" duration-ms="738" status="PASS">
          <reporter-output>
          </reporter-output>
        </test-method> <!-- tearDown -->
      </class> <!-- testCases.TC_002_LoginTest -->
    </test> <!-- Default test -->
  </suite> <!-- Default suite -->
</testng-results>
